生成启动时间为 2014/9/26 15:32:02。
     1>项目“G:\Documents\CppProjects\InterviewQuestions\MinInStack\MinInStack.vcxproj”在节点 2 上(Build 个目标)。
     1>ClCompile:
         C:\Program Files (x86)\Microsoft Visual Studio 12.0\VC\bin\CL.exe /c /ZI /nologo /W3 /WX- /Od /Oy- /D WIN32 /D _DEBUG /D _CONSOLE /D _UNICODE /D UNICODE /Gm /EHsc /RTC1 /MDd /GS /fp:precise /Zc:wchar_t /Zc:forScope /Yu"stdafx.h" /Fp"Debug\21_MinInStack.pch" /Fo"Debug\\" /Fd"Debug\vc120.pdb" /Gd /TP /analyze- /errorReport:prompt MinInStack.cpp
         MinInStack.cpp
       Link:
         C:\Program Files (x86)\Microsoft Visual Studio 12.0\VC\bin\link.exe /ERRORREPORT:PROMPT /OUT:"G:\Documents\CppProjects\InterviewQuestions\Debug\21_MinInStack.exe" /INCREMENTAL /NOLOGO kernel32.lib user32.lib gdi32.lib winspool.lib comdlg32.lib advapi32.lib shell32.lib ole32.lib oleaut32.lib uuid.lib odbc32.lib odbccp32.lib /MANIFEST /MANIFESTUAC:"level='asInvoker' uiAccess='false'" /manifest:embed /DEBUG /PDB:"G:\Documents\CppProjects\InterviewQuestions\Debug\21_MinInStack.pdb" /SUBSYSTEM:CONSOLE /TLBID:1 /DYNAMICBASE /NXCOMPAT /IMPLIB:"G:\Documents\CppProjects\InterviewQuestions\Debug\21_MinInStack.lib" /MACHINE:X86 /SAFESEH Debug\MinInStack.obj
         Debug\stdafx.obj
     1>MinInStack.obj : warning LNK4075: 忽略“/EDITANDCONTINUE”(由于“/SAFESEH”规范)
     1>MinInStack.obj : error LNK2019: 无法解析的外部符号 "public: int const & __thiscall StackWithMin<int>::top(void)const " (?top@?$StackWithMin@H@@QBEABHXZ)，该符号在函数 _wmain 中被引用
     1>G:\Documents\CppProjects\InterviewQuestions\Debug\21_MinInStack.exe : fatal error LNK1120: 1 个无法解析的外部命令
     1>已完成生成项目“G:\Documents\CppProjects\InterviewQuestions\MinInStack\MinInStack.vcxproj”(Build 个目标)的操作 - 失败。

生成失败。

已用时间 00:00:00.61
